app/build/intermediates/manifest_merge_blame_file/debug/manifest-merger-blame-debug-report.txt
1<?xml version="1.0" encoding="utf-8"?>
2<manifest xmlns:android="http://schemas.android.com/apk/res/android"
3    package="com.example.shakedetector"
4    android:versionCode="1"
5    android:versionName="1.0" >
6
7    <uses-sdk
8        android:minSdkVersion="21"
8-->src\main\AndroidManifest.xml
9        android:targetSdkVersion="29" />
9-->src\main\AndroidManifest.xml
10
11    <!-- Permissions for location, internet, and SMS -->
12    <uses-feature
12-->src\main\AndroidManifest.xml:6:5-8:36
13        android:name="android.hardware.telephony"
13-->src\main\AndroidManifest.xml:7:9-50
14        android:required="false" />
14-->src\main\AndroidManifest.xml:8:9-33
15
16    <uses-permission android:name="android.permission.ACCESS_FINE_LOCATION" />
16-->src\main\AndroidManifest.xml:10:5-79
16-->src\main\AndroidManifest.xml:10:22-76
17    <uses-permission android:name="android.permission.ACCESS_COARSE_LOCATION" />
17-->src\main\AndroidManifest.xml:11:5-81
17-->src\main\AndroidManifest.xml:11:22-78
18    <uses-permission android:name="android.permission.INTERNET" />
18-->src\main\AndroidManifest.xml:12:5-67
18-->src\main\AndroidManifest.xml:12:22-64
19    <uses-permission android:name="android.permission.ACCESS_NETWORK_STATE" />
19-->src\main\AndroidManifest.xml:13:5-79
19-->src\main\AndroidManifest.xml:13:22-76
20    <uses-permission android:name="com.google.android.providers.gsf.permission.READ_GSERVICES" />
20-->src\main\AndroidManifest.xml:14:5-98
20-->src\main\AndroidManifest.xml:14:22-95
21    <uses-permission android:name="android.permission.SEND_SMS" />
21-->src\main\AndroidManifest.xml:15:5-67
21-->src\main\AndroidManifest.xml:15:22-64
22
23    <uses-feature
23-->[com.google.android.gms:play-services-maps:12.0.1] AndroidManifest.xml:26:5-28:35
24        android:glEsVersion="0x00020000"
24-->[com.google.android.gms:play-services-maps:12.0.1] AndroidManifest.xml:27:9-41
25        android:required="true" />
25-->[com.google.android.gms:play-services-maps:12.0.1] AndroidManifest.xml:28:9-32
26
27    <uses-permission android:name="android.permission.WAKE_LOCK" /> <!-- Required by older versions of Google Play services to create IID tokens -->
27-->[com.google.firebase:firebase-analytics:12.0.1] AndroidManifest.xml:25:5-68
27-->[com.google.firebase:firebase-analytics:12.0.1] AndroidManifest.xml:25:22-65
28    <uses-permission android:name="com.google.android.c2dm.permission.RECEIVE" />
28-->[com.google.firebase:firebase-iid:12.0.1] AndroidManifest.xml:26:5-82
28-->[com.google.firebase:firebase-iid:12.0.1] AndroidManifest.xml:26:22-79
29
30    <permission
30-->[com.google.firebase:firebase-iid:12.0.1] AndroidManifest.xml:28:5-30:47
31        android:name="com.example.shakedetector.permission.C2D_MESSAGE"
31-->[com.google.firebase:firebase-iid:12.0.1] AndroidManifest.xml:29:9-63
32        android:protectionLevel="signature" />
32-->[com.google.firebase:firebase-iid:12.0.1] AndroidManifest.xml:30:9-44
33
34    <uses-permission android:name="com.example.shakedetector.permission.C2D_MESSAGE" />
34-->[com.google.firebase:firebase-iid:12.0.1] AndroidManifest.xml:32:5-79
34-->[com.google.firebase:firebase-iid:12.0.1] AndroidManifest.xml:32:22-76
35
36    <application
36-->src\main\AndroidManifest.xml:17:5-70:19
37        android:allowBackup="true"
37-->src\main\AndroidManifest.xml:18:9-35
38        android:appComponentFactory="androidx.core.app.CoreComponentFactory"
38-->[androidx.core:core:1.1.0] AndroidManifest.xml:24:18-86
39        android:debuggable="true"
40        android:icon="@mipmap/ic_launcher"
40-->src\main\AndroidManifest.xml:19:9-43
41        android:label="@string/app_name"
41-->src\main\AndroidManifest.xml:20:9-41
42        android:roundIcon="@mipmap/ic_launcher_round"
42-->src\main\AndroidManifest.xml:21:9-54
43        android:supportsRtl="true"
43-->src\main\AndroidManifest.xml:22:9-35
44        android:testOnly="true"
45        android:theme="@style/AppTheme" >
45-->src\main\AndroidManifest.xml:23:9-40
46
47        <!-- API Key for Google Maps -->
48        <meta-data
48-->src\main\AndroidManifest.xml:26:9-28:55
49            android:name="com.google.android.geo.API_KEY"
49-->src\main\AndroidManifest.xml:27:13-58
50            android:value="@string/google_maps_key" />
50-->src\main\AndroidManifest.xml:28:13-52
51
52        <!-- Main Activity -->
53        <activity android:name="com.example.shakedetector.MainActivity" >
53-->src\main\AndroidManifest.xml:31:9-36:20
53-->src\main\AndroidManifest.xml:31:19-47
54            <intent-filter>
54-->src\main\AndroidManifest.xml:32:13-35:29
55                <action android:name="android.intent.action.MAIN" />
55-->src\main\AndroidManifest.xml:33:17-69
55-->src\main\AndroidManifest.xml:33:25-66
56
57                <category android:name="android.intent.category.LAUNCHER" />
57-->src\main\AndroidManifest.xml:34:17-77
57-->src\main\AndroidManifest.xml:34:27-74
58            </intent-filter>
59        </activity>
60
61        <!-- Google Maps Activity with intent filters -->
62        <activity
62-->src\main\AndroidManifest.xml:39:9-53:20
63            android:name="com.example.shakedetector.GoogleMapsActivity"
63-->src\main\AndroidManifest.xml:40:13-47
64            android:exported="true"
64-->src\main\AndroidManifest.xml:42:13-36
65            android:label="@string/title_activity_google_maps" >
65-->src\main\AndroidManifest.xml:41:13-63
66            <intent-filter>
66-->src\main\AndroidManifest.xml:44:13-51:29
67                <action android:name="android.intent.action.VIEW" />
67-->src\main\AndroidManifest.xml:45:17-69
67-->src\main\AndroidManifest.xml:45:25-66
68
69                <category android:name="android.intent.category.DEFAULT" />
69-->src\main\AndroidManifest.xml:46:17-76
69-->src\main\AndroidManifest.xml:46:27-73
70                <category android:name="android.intent.category.BROWSABLE" />
70-->src\main\AndroidManifest.xml:47:17-78
70-->src\main\AndroidManifest.xml:47:27-75
71
72                <!-- Geo URI support for opening with coordinates -->
73                <data android:scheme="geo" />
73-->src\main\AndroidManifest.xml:50:17-46
73-->src\main\AndroidManifest.xml:50:23-43
74            </intent-filter>
75        </activity>
76
77        <!-- Signup and Login Forms -->
78        <activity
78-->src\main\AndroidManifest.xml:56:9-58:75
79            android:name="com.example.shakedetector.Signup_Form"
79-->src\main\AndroidManifest.xml:57:13-40
80            android:theme="@style/Theme.AppCompat.DayNight.NoActionBar" />
80-->src\main\AndroidManifest.xml:58:13-72
81        <activity android:name="com.example.shakedetector.Login_Form" >
81-->src\main\AndroidManifest.xml:59:9-64:20
81-->src\main\AndroidManifest.xml:59:19-45
82            <intent-filter>
82-->src\main\AndroidManifest.xml:32:13-35:29
83                <action android:name="android.intent.action.MAIN" />
83-->src\main\AndroidManifest.xml:33:17-69
83-->src\main\AndroidManifest.xml:33:25-66
84
85                <category android:name="android.intent.category.LAUNCHER" />
85-->src\main\AndroidManifest.xml:34:17-77
85-->src\main\AndroidManifest.xml:34:27-74
86            </intent-filter>
87        </activity>
88
89        <!-- Service and Shake Detector -->
90        <activity android:name="com.example.shakedetector.ServiceActivity" />
90-->src\main\AndroidManifest.xml:67:9-53
90-->src\main\AndroidManifest.xml:67:19-50
91
92        <service android:name="com.example.shakedetector.ShakeService" />
92-->src\main\AndroidManifest.xml:68:9-49
92-->src\main\AndroidManifest.xml:68:18-46
93
94        <receiver android:name="com.google.android.gms.cast.framework.media.MediaIntentReceiver" />
94-->[com.google.android.gms:play-services-cast-framework:12.0.1] AndroidManifest.xml:8:9-100
94-->[com.google.android.gms:play-services-cast-framework:12.0.1] AndroidManifest.xml:8:19-97
95
96        <service android:name="com.google.android.gms.cast.framework.media.MediaNotificationService" />
96-->[com.google.android.gms:play-services-cast-framework:12.0.1] AndroidManifest.xml:10:9-104
96-->[com.google.android.gms:play-services-cast-framework:12.0.1] AndroidManifest.xml:10:18-101
97        <service android:name="com.google.android.gms.cast.framework.ReconnectionService" />
97-->[com.google.android.gms:play-services-cast-framework:12.0.1] AndroidManifest.xml:11:9-93
97-->[com.google.android.gms:play-services-cast-framework:12.0.1] AndroidManifest.xml:11:18-90
98
99        <activity
99-->[com.google.firebase:firebase-auth:12.0.1] AndroidManifest.xml:23:9-29:75
100            android:name="com.google.firebase.auth.internal.FederatedSignInActivity"
100-->[com.google.firebase:firebase-auth:12.0.1] AndroidManifest.xml:24:13-85
101            android:excludeFromRecents="true"
101-->[com.google.firebase:firebase-auth:12.0.1] AndroidManifest.xml:25:13-46
102            android:exported="true"
102-->[com.google.firebase:firebase-auth:12.0.1] AndroidManifest.xml:26:13-36
103            android:launchMode="singleInstance"
103-->[com.google.firebase:firebase-auth:12.0.1] AndroidManifest.xml:27:13-48
104            android:permission="com.google.firebase.auth.api.gms.permission.LAUNCH_FEDERATED_SIGN_IN"
104-->[com.google.firebase:firebase-auth:12.0.1] AndroidManifest.xml:28:13-102
105            android:theme="@android:style/Theme.Translucent.NoTitleBar" />
105-->[com.google.firebase:firebase-auth:12.0.1] AndroidManifest.xml:29:13-72
106        <activity
106-->[com.google.android.gms:play-services-auth:12.0.1] AndroidManifest.xml:23:9-27:75
107            android:name="com.google.android.gms.auth.api.signin.internal.SignInHubActivity"
107-->[com.google.android.gms:play-services-auth:12.0.1] AndroidManifest.xml:24:13-93
108            android:excludeFromRecents="true"
108-->[com.google.android.gms:play-services-auth:12.0.1] AndroidManifest.xml:25:13-46
109            android:exported="false"
109-->[com.google.android.gms:play-services-auth:12.0.1] AndroidManifest.xml:26:13-37
110            android:theme="@android:style/Theme.Translucent.NoTitleBar" />
110-->[com.google.android.gms:play-services-auth:12.0.1] AndroidManifest.xml:27:13-72
111        <!--
112            Service handling Google Sign-In user revocation. For apps that do not integrate with
113            Google Sign-In, this service will never be started.
114        -->
115        <service
115-->[com.google.android.gms:play-services-auth:12.0.1] AndroidManifest.xml:33:9-36:110
116            android:name="com.google.android.gms.auth.api.signin.RevocationBoundService"
116-->[com.google.android.gms:play-services-auth:12.0.1] AndroidManifest.xml:34:13-89
117            android:exported="true"
117-->[com.google.android.gms:play-services-auth:12.0.1] AndroidManifest.xml:35:13-36
118            android:permission="com.google.android.gms.auth.api.signin.permission.REVOCATION_NOTIFICATION" />
118-->[com.google.android.gms:play-services-auth:12.0.1] AndroidManifest.xml:36:13-107
119
120        <activity
120-->[com.google.android.gms:play-services-appinvite:12.0.1] AndroidManifest.xml:25:9-34:20
121            android:name="com.google.android.gms.appinvite.PreviewActivity"
121-->[com.google.android.gms:play-services-appinvite:12.0.1] AndroidManifest.xml:26:13-76
122            android:exported="true"
122-->[com.google.android.gms:play-services-appinvite:12.0.1] AndroidManifest.xml:27:13-36
123            android:theme="@style/Theme.AppInvite.Preview" >
123-->[com.google.android.gms:play-services-appinvite:12.0.1] AndroidManifest.xml:28:13-59
124            <intent-filter>
124-->[com.google.android.gms:play-services-appinvite:12.0.1] AndroidManifest.xml:29:13-33:29
125                <action android:name="com.google.android.gms.appinvite.ACTION_PREVIEW" />
125-->[com.google.android.gms:play-services-appinvite:12.0.1] AndroidManifest.xml:30:17-90
125-->[com.google.android.gms:play-services-appinvite:12.0.1] AndroidManifest.xml:30:25-87
126
127                <category android:name="android.intent.category.DEFAULT" />
127-->src\main\AndroidManifest.xml:46:17-76
127-->src\main\AndroidManifest.xml:46:27-73
128            </intent-filter>
129        </activity>
130        <!--
131             FirebaseMessagingService performs security checks at runtime,
132             no need for explicit permissions despite exported="true"
133        -->
134        <service
134-->[com.google.firebase:firebase-messaging:12.0.1] AndroidManifest.xml:28:9-34:19
135            android:name="com.google.firebase.messaging.FirebaseMessagingService"
135-->[com.google.firebase:firebase-messaging:12.0.1] AndroidManifest.xml:29:13-82
136            android:exported="true" >
136-->[com.google.firebase:firebase-messaging:12.0.1] AndroidManifest.xml:30:13-36
137            <intent-filter android:priority="-500" >
137-->[com.google.firebase:firebase-messaging:12.0.1] AndroidManifest.xml:31:13-33:29
137-->[com.google.firebase:firebase-messaging:12.0.1] AndroidManifest.xml:31:28-51
138                <action android:name="com.google.firebase.MESSAGING_EVENT" />
138-->[com.google.firebase:firebase-messaging:12.0.1] AndroidManifest.xml:32:17-78
138-->[com.google.firebase:firebase-messaging:12.0.1] AndroidManifest.xml:32:25-75
139            </intent-filter>
140        </service>
141        <service
141-->[com.google.android.gms:play-services-tagmanager-api:12.0.1] AndroidManifest.xml:27:9-30:40
142            android:name="com.google.android.gms.tagmanager.TagManagerService"
142-->[com.google.android.gms:play-services-tagmanager-api:12.0.1] AndroidManifest.xml:28:13-79
143            android:enabled="true"
143-->[com.google.android.gms:play-services-tagmanager-api:12.0.1] AndroidManifest.xml:29:13-35
144            android:exported="false" />
144-->[com.google.android.gms:play-services-tagmanager-api:12.0.1] AndroidManifest.xml:30:13-37
145
146        <activity
146-->[com.google.android.gms:play-services-tagmanager-api:12.0.1] AndroidManifest.xml:32:9-44:20
147            android:name="com.google.android.gms.tagmanager.TagManagerPreviewActivity"
147-->[com.google.android.gms:play-services-tagmanager-api:12.0.1] AndroidManifest.xml:33:13-87
148            android:exported="true"
148-->[com.google.android.gms:play-services-tagmanager-api:12.0.1] AndroidManifest.xml:34:13-36
149            android:noHistory="true" > <!-- optional, removes the previewActivity from the activity stack. -->
149-->[com.google.android.gms:play-services-tagmanager-api:12.0.1] AndroidManifest.xml:35:13-37
150            <intent-filter>
150-->[com.google.android.gms:play-services-tagmanager-api:12.0.1] AndroidManifest.xml:36:13-43:29
151                <data android:scheme="tagmanager.c.com.example.shakedetector" />
151-->src\main\AndroidManifest.xml:50:17-46
151-->src\main\AndroidManifest.xml:50:23-43
152
153                <action android:name="android.intent.action.VIEW" />
153-->src\main\AndroidManifest.xml:45:17-69
153-->src\main\AndroidManifest.xml:45:25-66
154
155                <category android:name="android.intent.category.DEFAULT" />
155-->src\main\AndroidManifest.xml:46:17-76
155-->src\main\AndroidManifest.xml:46:27-73
156                <category android:name="android.intent.category.BROWSABLE" />
156-->src\main\AndroidManifest.xml:47:17-78
156-->src\main\AndroidManifest.xml:47:27-75
157            </intent-filter>
158        </activity>
159
160        <receiver
160-->[com.google.firebase:firebase-analytics:12.0.1] AndroidManifest.xml:28:9-32:20
161            android:name="com.google.android.gms.measurement.AppMeasurementReceiver"
161-->[com.google.firebase:firebase-analytics:12.0.1] AndroidManifest.xml:29:13-85
162            android:enabled="true"
162-->[com.google.firebase:firebase-analytics:12.0.1] AndroidManifest.xml:30:13-35
163            android:exported="false" >
163-->[com.google.firebase:firebase-analytics:12.0.1] AndroidManifest.xml:31:13-37
164        </receiver>
165        <receiver
165-->[com.google.firebase:firebase-analytics:12.0.1] AndroidManifest.xml:33:9-41:20
166            android:name="com.google.android.gms.measurement.AppMeasurementInstallReferrerReceiver"
166-->[com.google.firebase:firebase-analytics:12.0.1] AndroidManifest.xml:34:13-100
167            android:enabled="true"
167-->[com.google.firebase:firebase-analytics:12.0.1] AndroidManifest.xml:35:13-35
168            android:exported="true"
168-->[com.google.firebase:firebase-analytics:12.0.1] AndroidManifest.xml:36:13-36
169            android:permission="android.permission.INSTALL_PACKAGES" >
169-->[com.google.firebase:firebase-analytics:12.0.1] AndroidManifest.xml:37:13-69
170            <intent-filter>
170-->[com.google.firebase:firebase-analytics:12.0.1] AndroidManifest.xml:38:13-40:29
171                <action android:name="com.android.vending.INSTALL_REFERRER" />
171-->[com.google.firebase:firebase-analytics:12.0.1] AndroidManifest.xml:39:17-79
171-->[com.google.firebase:firebase-analytics:12.0.1] AndroidManifest.xml:39:25-76
172            </intent-filter>
173        </receiver>
174
175        <service
175-->[com.google.firebase:firebase-analytics:12.0.1] AndroidManifest.xml:43:9-46:40
176            android:name="com.google.android.gms.measurement.AppMeasurementService"
176-->[com.google.firebase:firebase-analytics:12.0.1] AndroidManifest.xml:44:13-84
177            android:enabled="true"
177-->[com.google.firebase:firebase-analytics:12.0.1] AndroidManifest.xml:45:13-35
178            android:exported="false" />
178-->[com.google.firebase:firebase-analytics:12.0.1] AndroidManifest.xml:46:13-37
179        <service
179-->[com.google.firebase:firebase-analytics:12.0.1] AndroidManifest.xml:47:9-51:72
180            android:name="com.google.android.gms.measurement.AppMeasurementJobService"
180-->[com.google.firebase:firebase-analytics:12.0.1] AndroidManifest.xml:48:13-87
181            android:enabled="true"
181-->[com.google.firebase:firebase-analytics:12.0.1] AndroidManifest.xml:49:13-35
182            android:exported="false"
182-->[com.google.firebase:firebase-analytics:12.0.1] AndroidManifest.xml:50:13-37
183            android:permission="android.permission.BIND_JOB_SERVICE" />
183-->[com.google.firebase:firebase-analytics:12.0.1] AndroidManifest.xml:51:13-69
184
185        <receiver
185-->[com.google.firebase:firebase-iid:12.0.1] AndroidManifest.xml:35:9-44:20
186            android:name="com.google.firebase.iid.FirebaseInstanceIdReceiver"
186-->[com.google.firebase:firebase-iid:12.0.1] AndroidManifest.xml:36:13-78
187            android:exported="true"
187-->[com.google.firebase:firebase-iid:12.0.1] AndroidManifest.xml:37:13-36
188            android:permission="com.google.android.c2dm.permission.SEND" >
188-->[com.google.firebase:firebase-iid:12.0.1] AndroidManifest.xml:38:13-73
189            <intent-filter>
189-->[com.google.firebase:firebase-iid:12.0.1] AndroidManifest.xml:39:13-43:29
190                <action android:name="com.google.android.c2dm.intent.RECEIVE" />
190-->[com.google.firebase:firebase-iid:12.0.1] AndroidManifest.xml:40:17-81
190-->[com.google.firebase:firebase-iid:12.0.1] AndroidManifest.xml:40:25-78
191
192                <category android:name="com.example.shakedetector" />
192-->[com.google.firebase:firebase-iid:12.0.1] AndroidManifest.xml:42:17-61
192-->[com.google.firebase:firebase-iid:12.0.1] AndroidManifest.xml:42:27-58
193            </intent-filter>
194        </receiver>
195        <!--
196             FirebaseInstanceIdService performs security checks at runtime,
197             no need for explicit permissions despite exported="true"
198        -->
199        <service
199-->[com.google.firebase:firebase-iid:12.0.1] AndroidManifest.xml:50:9-56:19
200            android:name="com.google.firebase.iid.FirebaseInstanceIdService"
200-->[com.google.firebase:firebase-iid:12.0.1] AndroidManifest.xml:51:13-77
201            android:exported="true" >
201-->[com.google.firebase:firebase-iid:12.0.1] AndroidManifest.xml:52:13-36
202            <intent-filter android:priority="-500" >
202-->[com.google.firebase:firebase-iid:12.0.1] AndroidManifest.xml:53:13-55:29
202-->[com.google.firebase:firebase-iid:12.0.1] AndroidManifest.xml:53:28-51
203                <action android:name="com.google.firebase.INSTANCE_ID_EVENT" />
203-->[com.google.firebase:firebase-iid:12.0.1] AndroidManifest.xml:54:17-80
203-->[com.google.firebase:firebase-iid:12.0.1] AndroidManifest.xml:54:25-77
204            </intent-filter>
205        </service>
206
207        <provider
207-->[com.google.firebase:firebase-common:12.0.1] AndroidManifest.xml:8:9-12:39
208            android:name="com.google.firebase.provider.FirebaseInitProvider"
208-->[com.google.firebase:firebase-common:12.0.1] AndroidManifest.xml:9:13-77
209            android:authorities="com.example.shakedetector.firebaseinitprovider"
209-->[com.google.firebase:firebase-common:12.0.1] AndroidManifest.xml:10:13-72
210            android:exported="false"
210-->[com.google.firebase:firebase-common:12.0.1] AndroidManifest.xml:11:13-37
211            android:initOrder="100" />
211-->[com.google.firebase:firebase-common:12.0.1] AndroidManifest.xml:12:13-36
212
213        <receiver
213-->[com.google.android.gms:play-services-analytics:12.0.1] AndroidManifest.xml:30:9-34:20
214            android:name="com.google.android.gms.analytics.AnalyticsReceiver"
214-->[com.google.android.gms:play-services-analytics:12.0.1] AndroidManifest.xml:31:13-78
215            android:enabled="true"
215-->[com.google.android.gms:play-services-analytics:12.0.1] AndroidManifest.xml:32:13-35
216            android:exported="false" >
216-->[com.google.android.gms:play-services-analytics:12.0.1] AndroidManifest.xml:33:13-37
217        </receiver>
218
219        <service
219-->[com.google.android.gms:play-services-analytics:12.0.1] AndroidManifest.xml:36:9-39:40
220            android:name="com.google.android.gms.analytics.AnalyticsService"
220-->[com.google.android.gms:play-services-analytics:12.0.1] AndroidManifest.xml:37:13-77
221            android:enabled="true"
221-->[com.google.android.gms:play-services-analytics:12.0.1] AndroidManifest.xml:38:13-35
222            android:exported="false" />
222-->[com.google.android.gms:play-services-analytics:12.0.1] AndroidManifest.xml:39:13-37
223        <service
223-->[com.google.android.gms:play-services-analytics:12.0.1] AndroidManifest.xml:40:9-44:72
224            android:name="com.google.android.gms.analytics.AnalyticsJobService"
224-->[com.google.android.gms:play-services-analytics:12.0.1] AndroidManifest.xml:41:13-80
225            android:enabled="true"
225-->[com.google.android.gms:play-services-analytics:12.0.1] AndroidManifest.xml:42:13-35
226            android:exported="false"
226-->[com.google.android.gms:play-services-analytics:12.0.1] AndroidManifest.xml:43:13-37
227            android:permission="android.permission.BIND_JOB_SERVICE" />
227-->[com.google.android.gms:play-services-analytics:12.0.1] AndroidManifest.xml:44:13-69
228
229        <activity
229-->[com.google.android.gms:play-services-base:12.0.1] AndroidManifest.xml:23:9-26:75
230            android:name="com.google.android.gms.common.api.GoogleApiActivity"
230-->[com.google.android.gms:play-services-base:12.0.1] AndroidManifest.xml:24:13-79
231            android:exported="false"
231-->[com.google.android.gms:play-services-base:12.0.1] AndroidManifest.xml:25:13-37
232            android:theme="@android:style/Theme.Translucent.NoTitleBar" /> <!-- Include the AdActivity and InAppPurchaseActivity configChanges and themes. -->
232-->[com.google.android.gms:play-services-base:12.0.1] AndroidManifest.xml:26:13-72
233        <activity
233-->[com.google.android.gms:play-services-ads-lite:12.0.1] AndroidManifest.xml:29:9-33:64
234            android:name="com.google.android.gms.ads.AdActivity"
234-->[com.google.android.gms:play-services-ads-lite:12.0.1] AndroidManifest.xml:30:13-65
235            android:configChanges="keyboard|keyboardHidden|orientation|screenLayout|uiMode|screenSize|smallestScreenSize"
235-->[com.google.android.gms:play-services-ads-lite:12.0.1] AndroidManifest.xml:31:13-122
236            android:exported="false"
236-->[com.google.android.gms:play-services-ads-lite:12.0.1] AndroidManifest.xml:32:13-37
237            android:theme="@android:style/Theme.Translucent" />
237-->[com.google.android.gms:play-services-ads-lite:12.0.1] AndroidManifest.xml:33:13-61
238
239        <meta-data
239-->[com.google.android.gms:play-services-basement:12.0.1] AndroidManifest.xml:23:9-25:69
240            android:name="com.google.android.gms.version"
240-->[com.google.android.gms:play-services-basement:12.0.1] AndroidManifest.xml:24:13-58
241            android:value="@integer/google_play_services_version" />
241-->[com.google.android.gms:play-services-basement:12.0.1] AndroidManifest.xml:25:13-66
242    </application>
243
244</manifest>